#
# A fatal error has been detected by the Java Runtime Environment:
#
#  EXCEPTION_ACCESS_VIOLATION (0xc0000005) at pc=0x02c78316, pid=24244, tid=23876
#
# JRE version: 6.0_17-b04
# Java VM: Java HotSpot(TM) Client VM (14.3-b01 mixed mode windows-x86 )
# Problematic frame:
# C  [m_dispatcher.dll+0x8316]
#
# If you would like to submit a bug report, please visit:
#   http://java.sun.com/webapps/bugreport/crash.jsp
# The crash happened outside the Java Virtual Machine in native code.
# See problematic frame for where to report the bug.
#

---------------  T H R E A D  ---------------

Current thread (0x067ae800):  JavaThread "main" [_thread_in_native, id=23876, stack(0x00110000,0x00910000)]

siginfo: ExceptionCode=0xc0000005, reading address 0x00000068

Registers:
EAX=0x0090f1a8, EBX=0x00000001, ECX=0x00000000, EDX=0x141aff00
ESP=0x0090e4b8, EBP=0x0090e4cc, ESI=0x078929c8, EDI=0x00000000
EIP=0x02c78316, EFLAGS=0x00010202

Top of Stack: (sp=0x0090e4b8)
0x0090e4b8:   743410c9 00000001 00000000 00000001
0x0090e4c8:   ffffffff 0090e538 74341173 0090e7ec
0x0090e4d8:   00000001 13c70108 0090e524 0c99f280
0x0090e4e8:   0c99f280 00000000 00000000 067ae800
0x0090e4f8:   08e4cfe2 067ae800 091413d0 0090e6e4
0x0090e508:   067ae800 114d0808 1e0c2080 1e0c7440
0x0090e518:   0090ef40 0cd29e15 0090ef78 00000000
0x0090e528:   0090e4e4 0090e66c 7438f442 ffffffff 

Instructions: (pc=0x02c78316)
0x02c78306:   00 75 24 8b 81 98 02 00 00 85 c0 74 17 8b 48 1c
0x02c78316:   80 79 68 00 74 07 85 c0 74 0a 8b c1 c3 8b 40 20 


Stack: [0x00110000,0x00910000],  sp=0x0090e4b8,  free space=8185k
Native frames: (J=compiled Java code, j=interpreted, Vv=VM code, C=native code)
C  [m_dispatcher.dll+0x8316]
C  [m_interpreter.dll+0xb1173]
C  [m_interpreter.dll+0xb1235]
C  [m_interpreter.dll+0xb12e3]
C  [m_interpreter.dll+0x373289]
C  [iqm.dll+0x9f095]
C  [iqm.dll+0xa091a]
C  0x73254d9e
C  0x7327ebfd
C  [iqm.dll+0x68655]
C  [iqm.dll+0x5f034]
C  [iqm.dll+0x1ed99]
C  [iqm.dll+0x5156a]
C  0x732768b0
C  0x73276c13
C  0x73277800
C  0x732779f5
C  0x73277aa3
j  com.mathworks.jmi.NativeMatlab.SendMatlabMessage(Ljava/lang/Object;)Ljava/lang/Object;+0
j  com.mathworks.jmi.NativeMatlab.sendMatlabMessage(Ljava/lang/Object;)Ljava/lang/Object;+22
j  com.mathworks.jmi.MatlabLooper.sendMatlabMessage(Lcom/mathworks/services/message/MWMessage;)Ljava/lang/Object;+20
j  com.mathworks.jmi.Matlab.mtFevalConsoleOutput(Ljava/lang/String;[Ljava/lang/Object;I)Ljava/lang/Object;+58
j  com.mathworks.mde.desk.MLDesktop$8.run()V+14
j  com.mathworks.jmi.NativeMatlab.dispatchMTRequests(Z)V+57
v  ~StubRoutines::call_stub
V  [jvm.dll+0xecf9c]
V  [jvm.dll+0x1741d1]
V  [jvm.dll+0xed01d]
V  [jvm.dll+0xf5be5]
V  [jvm.dll+0xfd932]
C  [jmi.dll+0x22492]
C  [jmi.dll+0x282e3]
C  [jmi.dll+0x28346]
C  [jmi.dll+0x4e21e]
C  [jmi.dll+0x18d41]
C  [uiw.dll+0x4c709]
C  [uiw.dll+0x4ccd6]
C  [USER32.dll+0x28336]
C  [USER32.dll+0x180a9]
C  [USER32.dll+0x18ba1]
C  [ntdll.dll+0x1010a]
C  [USER32.dll+0x260dc]
C  [uiw.dll+0x2dfdd]
C  [uiw.dll+0x4dd0f]
C  [libmwservices.dll+0xa4277]
C  [libmwservices.dll+0xa4c8c]
C  [libmwservices.dll+0xa5d46]
C  [libmwservices.dll+0xa70b8]
C  [libmwservices.dll+0xa7258]
C  [libmwservices.dll+0xa72ca]
C  [libmwservices.dll+0xa7322]
C  [mcr.dll+0x14853]
C  [mcr.dll+0x14ae2]
C  [mcr.dll+0x9e2f]
C  [mcr.dll+0xcb26]
C  [MATLAB.exe+0x7632]
C  [MATLAB.exe+0x772f]
C  [MATLAB.exe+0x7938]
C  [MATLAB.exe+0x7dcd]
C  [kernel32.dll+0x1336a]
C  [ntdll.dll+0x39f72]
C  [ntdll.dll+0x39f45]

Java frames: (J=compiled Java code, j=interpreted, Vv=VM code)
j  com.mathworks.jmi.NativeMatlab.SendMatlabMessage(Ljava/lang/Object;)Ljava/lang/Object;+0
j  com.mathworks.jmi.NativeMatlab.sendMatlabMessage(Ljava/lang/Object;)Ljava/lang/Object;+22
j  com.mathworks.jmi.MatlabLooper.sendMatlabMessage(Lcom/mathworks/services/message/MWMessage;)Ljava/lang/Object;+20
j  com.mathworks.jmi.Matlab.mtFevalConsoleOutput(Ljava/lang/String;[Ljava/lang/Object;I)Ljava/lang/Object;+58
j  com.mathworks.mde.desk.MLDesktop$8.run()V+14
j  com.mathworks.jmi.NativeMatlab.dispatchMTRequests(Z)V+57
v  ~StubRoutines::call_stub

---------------  P R O C E S S  ---------------

Java Threads: ( => current thread )
  0x117adc00 JavaThread "Inactive RequestProcessor thread [Was:TimedSoftReference/org.openide.util.TimedSoftReference]" daemon [_thread_blocked, id=23060, stack(0x130d0000,0x13150000)]
  0x117ad800 JavaThread "Code Analyzer updating thread" [_thread_blocked, id=23736, stack(0x274a0000,0x27520000)]
  0x117ad000 JavaThread "Code Analyzer updating thread" [_thread_blocked, id=22456, stack(0x272e0000,0x27360000)]
  0x117acc00 JavaThread "Code Analyzer updating thread" [_thread_blocked, id=23584, stack(0x27220000,0x272a0000)]
  0x117ac400 JavaThread "Code Analyzer updating thread" [_thread_blocked, id=22616, stack(0x27180000,0x27200000)]
  0x117ac000 JavaThread "Code Analyzer updating thread" [_thread_blocked, id=24104, stack(0x26f60000,0x26fe0000)]
  0x117ab800 JavaThread "Active Reference Queue Daemon" daemon [_thread_blocked, id=23524, stack(0x254c0000,0x25540000)]
  0x117aa800 JavaThread "Timer-7" daemon [_thread_blocked, id=22188, stack(0x25570000,0x255f0000)]
  0x117ab400 JavaThread "Timer-6" daemon [_thread_blocked, id=24360, stack(0x26570000,0x265f0000)]
  0x117a9c00 JavaThread "Explorer NavigationContext request queue" [_thread_blocked, id=22220, stack(0x26380000,0x26400000)]
  0x117a8800 JavaThread "AddressBar directory emptiness poller" [_thread_blocked, id=24048, stack(0x262e0000,0x26360000)]
  0x117a8400 JavaThread "Explorer Refresh Service 18670846" [_thread_blocked, id=22084, stack(0x25440000,0x254c0000)]
  0x117a7800 JavaThread "Timer-1" daemon [_thread_blocked, id=24404, stack(0x13730000,0x137b0000)]
  0x117a7000 JavaThread "TimerQueue" daemon [_thread_blocked, id=22156, stack(0x13800000,0x13880000)]
  0x117a6c00 JavaThread "Thread-5" daemon [_thread_blocked, id=22676, stack(0x13340000,0x133c0000)]
  0x117a6400 JavaThread "FelixPackageAdmin" daemon [_thread_blocked, id=24132, stack(0x136a0000,0x13720000)]
  0x116fa400 JavaThread "FelixStartLevel" daemon [_thread_blocked, id=24460, stack(0x13410000,0x13490000)]
  0x116fa000 JavaThread "FelixDispatchQueue" daemon [_thread_blocked, id=22916, stack(0x13510000,0x13590000)]
  0x11637000 JavaThread "AWT-EventQueue-0" [_thread_blocked, id=24236, stack(0x0ff10000,0x0ff90000)]
  0x116a2400 JavaThread "com.google.common.base.internal.Finalizer" daemon [_thread_blocked, id=23948, stack(0x0fe40000,0x0fec0000)]
  0x114d5400 JavaThread "AWT-Windows" daemon [_thread_in_native, id=17764, stack(0x09c10000,0x09c90000)]
  0x114d4c00 JavaThread "AWT-Shutdown" [_thread_blocked, id=24368, stack(0x09390000,0x09410000)]
  0x114d4800 JavaThread "Java2D Disposer" daemon [_thread_blocked, id=24488, stack(0x09220000,0x092a0000)]
  0x112a8000 JavaThread "Timer-0" [_thread_blocked, id=24344, stack(0x07400000,0x07480000)]
  0x111bdc00 JavaThread "EventMgr Dispatcher" daemon [_thread_in_native, id=24328, stack(0x078c0000,0x080c0000)]
  0x06ef3000 JavaThread "Low Memory Detector" daemon [_thread_blocked, id=24556, stack(0x06b10000,0x06b90000)]
  0x0686e400 JavaThread "CompilerThread0" daemon [_thread_blocked, id=24112, stack(0x0f5e0000,0x0fde0000)]
  0x06863800 JavaThread "Attach Listener" daemon [_thread_blocked, id=23440, stack(0x06e70000,0x06ef0000)]
  0x0682c400 JavaThread "Finalizer" daemon [_thread_blocked, id=23224, stack(0x06df0000,0x06e70000)]
  0x0682b000 JavaThread "Reference Handler" daemon [_thread_blocked, id=24068, stack(0x06c60000,0x06ce0000)]
=>0x067ae800 JavaThread "main" [_thread_in_native, id=23876, stack(0x00110000,0x00910000)]

Other Threads:
  0x06827800 VMThread [stack: 0x0ed80000,0x0f580000] [id=24496]
  0x06efd000 WatcherThread [stack: 0x10190000,0x10990000] [id=24332]

VM state:not at safepoint (normal execution)

VM Mutex/Monitor currently owned by a thread: None

Heap
 def new generation   total 22720K, used 20709K [0x160b0000, 0x17950000, 0x180b0000)
  eden space 20224K,  97% used [0x160b0000, 0x173ed678, 0x17470000)
  from space 2496K,  40% used [0x176e0000, 0x177dc080, 0x17950000)
  to   space 2496K,   0% used [0x17470000, 0x17470000, 0x176e0000)
 tenured generation   total 75484K, used 72012K [0x180b0000, 0x1ca67000, 0x1e0b0000)
   the space 75484K,  95% used [0x180b0000, 0x1c7033d0, 0x1c703400, 0x1ca67000)
 compacting perm gen  total 38656K, used 38525K [0x1e0b0000, 0x20670000, 0x240b0000)
   the space 38656K,  99% used [0x1e0b0000, 0x2064f470, 0x2064f600, 0x20670000)
No shared spaces configured.

Dynamic libraries:
0x00dc0000 - 0x00de7000 	C:\Program Files (x86)\MATLAB\R2012b\bin\win32\MATLAB.exe
0x774d0000 - 0x77650000 	C:\Windows\SysWOW64\ntdll.dll
0x76770000 - 0x76880000 	C:\Windows\syswow64\kernel32.dll
0x76c20000 - 0x76c67000 	C:\Windows\syswow64\KERNELBASE.dll
0x7ef10000 - 0x7ef9c000 	C:\Program Files (x86)\MATLAB\R2012b\bin\win32\libut.dll
0x7dce0000 - 0x7dd5a000 	C:\Program Files (x86)\MATLAB\R2012b\bin\win32\libmwi18n.dll
0x10000000 - 0x10009000 	C:\Program Files (x86)\MATLAB\R2012b\bin\win32\libmwresource_core.dll
0x71e20000 - 0x71eae000 	C:\Windows\WinSxS\x86_microsoft.vc90.crt_1fc8b3b9a1e18e3b_9.0.30729.6161_none_50934f2ebcb7eb57\MSVCP90.dll
0x72c20000 - 0x72cc3000 	C:\Windows\WinSxS\x86_microsoft.vc90.crt_1fc8b3b9a1e18e3b_9.0.30729.6161_none_50934f2ebcb7eb57\MSVCR90.dll
0x736b0000 - 0x736d3000 	C:\Program Files (x86)\MATLAB\R2012b\bin\win32\boost_filesystem-vc90-mt-1_44.dll
0x73f70000 - 0x73f77000 	C:\Program Files (x86)\MATLAB\R2012b\bin\win32\boost_system-vc90-mt-1_44.dll
0x74f50000 - 0x74ff0000 	C:\Windows\syswow64\ADVAPI32.dll
0x76b70000 - 0x76c1c000 	C:\Windows\syswow64\msvcrt.dll
0x76880000 - 0x76899000 	C:\Windows\SysWOW64\sechost.dll
0x76930000 - 0x76a20000 	C:\Windows\syswow64\RPCRT4.dll
0x74ef0000 - 0x74f50000 	C:\Windows\syswow64\SspiCli.dll
0x74ee0000 - 0x74eec000 	C:\Windows\syswow64\CRYPTBASE.dll
0x73550000 - 0x7356f000 	C:\Program Files (x86)\MATLAB\R2012b\bin\win32\LIBEXPAT.dll
0x72eb0000 - 0x73035000 	C:\Program Files (x86)\MATLAB\R2012b\bin\win32\icuin44.dll
0x7ea10000 - 0x7eb2f000 	C:\Program Files (x86)\MATLAB\R2012b\bin\win32\icuuc44.dll
0x010b0000 - 0x01ef1000 	C:\Program Files (x86)\MATLAB\R2012b\bin\win32\icudt44.dll
0x00990000 - 0x00ab0000 	C:\Program Files (x86)\MATLAB\R2012b\bin\win32\libmwfl.dll
0x01f00000 - 0x02208000 	C:\Program Files (x86)\MATLAB\R2012b\bin\win32\libmwMATLAB_res.dll
0x73d00000 - 0x73d0e000 	C:\Program Files (x86)\MATLAB\R2012b\bin\win32\boost_date_time-vc90-mt-1_44.dll
0x73c80000 - 0x73c8f000 	C:\Program Files (x86)\MATLAB\R2012b\bin\win32\boost_signals-vc90-mt-1_44.dll
0x73d10000 - 0x73d1e000 	C:\Program Files (x86)\MATLAB\R2012b\bin\win32\boost_thread-vc90-mt-1_44.dll
0x00b80000 - 0x00c0c000 	C:\Program Files (x86)\MATLAB\R2012b\bin\win32\boost_log-vc90-mt-1_44.dll
0x76760000 - 0x76765000 	C:\Windows\syswow64\PSAPI.DLL
0x75e50000 - 0x75e85000 	C:\Windows\syswow64\WS2_32.dll
0x76460000 - 0x76466000 	C:\Windows\syswow64\NSI.dll
0x00c20000 - 0x00c53000 	C:\Program Files (x86)\MATLAB\R2012b\bin\win32\tbb.dll
0x76470000 - 0x7649b000 	C:\Windows\syswow64\imagehlp.dll
0x73db0000 - 0x73dbf000 	C:\Program Files (x86)\MATLAB\R2012b\bin\win32\icuio44.dll
0x72050000 - 0x7213b000 	C:\Windows\system32\dbghelp.dll
0x76d10000 - 0x76e10000 	C:\Windows\syswow64\USER32.dll
0x75db0000 - 0x75e40000 	C:\Windows\syswow64\GDI32.dll
0x75d00000 - 0x75d0a000 	C:\Windows\syswow64\LPK.dll
0x75d10000 - 0x75dad000 	C:\Windows\syswow64\USP10.dll
0x02210000 - 0x02430000 	C:\Program Files (x86)\MATLAB\R2012b\bin\win32\libmwservices.dll
0x7db50000 - 0x7dbe7000 	C:\Program Files (x86)\MATLAB\R2012b\bin\win32\libmx.dll
0x00ca0000 - 0x00cbd000 	C:\Program Files (x86)\MATLAB\R2012b\bin\win32\tbbmalloc.dll
0x73730000 - 0x73744000 	C:\Program Files (x86)\MATLAB\R2012b\bin\win32\zlib1.dll
0x00ce0000 - 0x00d15000 	C:\Program Files (x86)\MATLAB\R2012b\bin\win32\libmwregexp.dll
0x00d30000 - 0x00d4a000 	C:\Program Files (x86)\MATLAB\R2012b\bin\win32\libmwmfl_scalar.dll
0x7df40000 - 0x7df79000 	C:\Program Files (x86)\MATLAB\R2012b\bin\win32\mpath.dll
0x02430000 - 0x02840000 	C:\Program Files (x86)\MATLAB\R2012b\bin\win32\mlutil.dll
0x7d670000 - 0x7d6ce000 	C:\Program Files (x86)\MATLAB\R2012b\bin\win32\xmlcore.dll
0x00df0000 - 0x00fa2000 	C:\Program Files (x86)\MATLAB\R2012b\bin\win32\xerces-c_2_7.dll
0x00da0000 - 0x00dbb000 	C:\Program Files (x86)\MATLAB\R2012b\bin\win32\libmwMATLAB_settings_res.dll
0x02850000 - 0x0285d000 	C:\Program Files (x86)\MATLAB\R2012b\bin\win32\boost_iostreams-vc90-mt-1_44.dll
0x02870000 - 0x028a9000 	C:\Program Files (x86)\MATLAB\R2012b\bin\win32\boost_serialization-vc90-mt-1_44.dll
0x75090000 - 0x75cda000 	C:\Windows\syswow64\SHELL32.dll
0x76400000 - 0x76457000 	C:\Windows\syswow64\SHLWAPI.dll
0x70e50000 - 0x70ed4000 	C:\Windows\WinSxS\x86_microsoft.windows.common-controls_6595b64144ccf1df_5.82.7601.18201_none_ec80f00e8593ece5\COMCTL32.dll
0x76150000 - 0x761cb000 	C:\Windows\syswow64\COMDLG32.dll
0x74bd0000 - 0x74be1000 	C:\Windows\system32\NETAPI32.dll
0x711e0000 - 0x711e9000 	C:\Windows\system32\netutils.dll
0x70a60000 - 0x70a79000 	C:\Windows\system32\srvcli.dll
0x74bc0000 - 0x74bcf000 	C:\Windows\system32\wkscli.dll
0x75fe0000 - 0x7613c000 	C:\Windows\syswow64\ole32.dll
0x768a0000 - 0x7692f000 	C:\Windows\syswow64\OLEAUT32.dll
0x028c0000 - 0x02947000 	C:\Program Files (x86)\MATLAB\R2012b\bin\win32\mcr.dll
0x02960000 - 0x02c60000 	C:\Program Files (x86)\MATLAB\R2012b\bin\win32\iqm.dll
0x02c70000 - 0x02cef000 	C:\Program Files (x86)\MATLAB\R2012b\bin\win32\m_dispatcher.dll
0x02d00000 - 0x02dbc000 	C:\Program Files (x86)\MATLAB\R2012b\bin\win32\boost_regex-vc90-mt-1_44.dll
0x74290000 - 0x747d1000 	C:\Program Files (x86)\MATLAB\R2012b\bin\win32\m_interpreter.dll
0x74b90000 - 0x74bac000 	C:\Program Files (x86)\MATLAB\R2012b\bin\win32\libmex.dll
0x74b30000 - 0x74b8c000 	C:\Program Files (x86)\MATLAB\R2012b\bin\win32\profiler.dll
0x02e00000 - 0x0302c000 	C:\Program Files (x86)\MATLAB\R2012b\bin\win32\libmwmathutil.dll
0x734f0000 - 0x73513000 	C:\Program Files (x86)\MATLAB\R2012b\bin\win32\libmwmathrng.dll
0x03050000 - 0x0305f000 	C:\Program Files (x86)\MATLAB\R2012b\bin\win32\libmwmfl_rng.dll
0x7c390000 - 0x7c428000 	C:\Program Files (x86)\MATLAB\R2012b\bin\win32\libmwmathcore.dll
0x7e000000 - 0x7e04b000 	C:\Program Files (x86)\MATLAB\R2012b\bin\win32\libmwspmatrix.dll
0x7dbf0000 - 0x7dc3b000 	C:\Program Files (x86)\MATLAB\R2012b\bin\win32\libmwcholmod.dll
0x73e70000 - 0x73e7a000 	C:\Program Files (x86)\MATLAB\R2012b\bin\win32\libmwamd.dll
0x73e80000 - 0x73e8a000 	C:\Program Files (x86)\MATLAB\R2012b\bin\win32\libmwcolamd.dll
0x73dd0000 - 0x73de1000 	C:\Program Files (x86)\MATLAB\R2012b\bin\win32\libmwblas.dll
0x73d30000 - 0x73d3d000 	C:\Program Files (x86)\MATLAB\R2012b\bin\win32\libmwbinder.dll
0x73ea0000 - 0x73eaa000 	C:\Program Files (x86)\MATLAB\R2012b\bin\win32\libmwompwrapper.dll
0x030f0000 - 0x03129000 	C:\Program Files (x86)\MATLAB\R2012b\bin\win32\libmwlapack.dll
0x74b10000 - 0x74b25000 	C:\Program Files (x86)\MATLAB\R2012b\bin\win32\m_pcodeio.dll
0x7e080000 - 0x7e0ca000 	C:\Program Files (x86)\MATLAB\R2012b\bin\win32\m_ir.dll
0x03160000 - 0x036b0000 	C:\Program Files (x86)\MATLAB\R2012b\bin\win32\m_parser.dll
0x74af0000 - 0x74b02000 	C:\Program Files (x86)\MATLAB\R2012b\bin\win32\ir_xfmr.dll
0x74940000 - 0x74aea000 	C:\Program Files (x86)\MATLAB\R2012b\bin\win32\mcos.dll
0x74930000 - 0x7493e000 	C:\Program Files (x86)\MATLAB\R2012b\bin\win32\mtok.dll
0x74900000 - 0x74924000 	C:\Program Files (x86)\MATLAB\R2012b\bin\win32\m_pcodegen.dll
0x7e1c0000 - 0x7e1e9000 	C:\Program Files (x86)\MATLAB\R2012b\bin\win32\libmwbridge.dll
0x74180000 - 0x74213000 	C:\Program Files (x86)\MATLAB\R2012b\bin\win32\udd.dll
0x74070000 - 0x7417e000 	C:\Program Files (x86)\MATLAB\R2012b\bin\win32\libmwgui.dll
0x748e0000 - 0x748f2000 	C:\Program Files (x86)\MATLAB\R2012b\bin\win32\graphics_util.dll
0x03740000 - 0x03e06000 	C:\Program Files (x86)\MATLAB\R2012b\bin\win32\hg.dll
0x03e20000 - 0x03e64000 	C:\Program Files (x86)\MATLAB\R2012b\bin\win32\libmat.dll
0x03e80000 - 0x04065000 	C:\Program Files (x86)\MATLAB\R2012b\bin\win32\hdf5dll.dll
0x7d9d0000 - 0x7da66000 	C:\Program Files (x86)\MATLAB\R2012b\bin\win32\jmi.dll
0x04090000 - 0x0409b000 	C:\Program Files (x86)\MATLAB\R2012b\bin\win32\nativejava_services.dll
0x73a40000 - 0x73a74000 	C:\Program Files (x86)\MATLAB\R2012b\bin\win32\libmwhardcopy.dll
0x739f0000 - 0x73a34000 	C:\Program Files (x86)\MATLAB\R2012b\bin\win32\libuij.dll
0x040d0000 - 0x04283000 	C:\Program Files (x86)\MATLAB\R2012b\bin\win32\hgdatatypes.dll
0x042a0000 - 0x04361000 	C:\Program Files (x86)\MATLAB\R2012b\bin\win32\hgutils.dll
0x738e0000 - 0x73968000 	C:\Program Files (x86)\MATLAB\R2012b\bin\win32\udd_mi.dll
0x04390000 - 0x043c0000 	C:\Program Files (x86)\MATLAB\R2012b\bin\win32\libmwgbtutils.dll
0x043d0000 - 0x043e3000 	C:\Program Files (x86)\MATLAB\R2012b\bin\win32\libmwgbt.dll
0x04400000 - 0x0469b000 	C:\Program Files (x86)\MATLAB\R2012b\bin\win32\uiw.dll
0x748d0000 - 0x748dd000 	C:\Program Files (x86)\MATLAB\R2012b\bin\win32\uinone.dll
0x046c0000 - 0x046df000 	C:\Program Files (x86)\MATLAB\R2012b\bin\win32\libmwnativefiledialogs.dll
0x046f0000 - 0x046f7000 	C:\Program Files (x86)\MATLAB\R2012b\bin\win32\libmwplatform_res.dll
0x71230000 - 0x71242000 	C:\Windows\system32\MPR.dll
0x70070000 - 0x7040d000 	C:\Windows\WinSxS\x86_microsoft.vc90.mfc_1fc8b3b9a1e18e3b_9.0.30729.6161_none_4bf7e3e2bf9ada4c\mfc90.dll
0x70d10000 - 0x70d15000 	C:\Windows\system32\MSIMG32.dll
0x70ee0000 - 0x70f31000 	C:\Windows\system32\WINSPOOL.DRV
0x74050000 - 0x74069000 	C:\Program Files (x86)\MATLAB\R2012b\bin\win32\mwoles05.DLL
0x70cb0000 - 0x70d05000 	C:\Program Files (x86)\MATLAB\R2012b\bin\win32\comcli.dll
0x73970000 - 0x7399b000 	C:\Windows\WinSxS\x86_microsoft.vc90.atl_1fc8b3b9a1e18e3b_9.0.30729.6161_none_51cd0a7abbe4e19b\ATL90.DLL
0x74030000 - 0x74039000 	C:\Program Files (x86)\MATLAB\R2012b\bin\win32\mlautoregister.dll
0x77070000 - 0x770d0000 	C:\Windows\system32\IMM32.DLL
0x75e90000 - 0x75f5c000 	C:\Windows\syswow64\MSCTF.dll
0x70f40000 - 0x70fc0000 	C:\Windows\system32\UxTheme.dll
0x711f0000 - 0x71203000 	C:\Windows\system32\dwmapi.dll
0x70060000 - 0x7006d000 	C:\Windows\WinSxS\x86_microsoft.vc90.mfcloc_1fc8b3b9a1e18e3b_9.0.30729.6161_none_49768ef57548175e\MFC90ENU.DLL
0x72b90000 - 0x72b9b000 	C:\Windows\system32\profapi.dll
0x04a70000 - 0x04a7b000 	C:\Program Files (x86)\MATLAB\R2012b\bin\win32\xmlxrcsc.dll
0x08d60000 - 0x08feb000 	C:\Program Files (x86)\MATLAB\R2012b\sys\java\jre\win32\jre\bin\client\jvm.dll
0x724c0000 - 0x724f2000 	C:\Windows\system32\WINMM.dll
0x7d910000 - 0x7d966000 	C:\Program Files (x86)\MATLAB\R2012b\bin\win32\MSVCR71.dll
0x72190000 - 0x721dc000 	C:\Windows\system32\apphelp.dll
0x72160000 - 0x72170000 	C:\Windows\system32\NLAapi.dll
0x71e00000 - 0x71e10000 	C:\Windows\system32\napinsp.dll

VM Arguments:
jvm_args: -Xss512k -XX:PermSize=32m -Xms64m -XX:NewRatio=3 -XX:MaxPermSize=96m -Xmx128m -XX:MaxDirectMemorySize=1200000000 -Dsun.java2d.noddraw=true -Dsun.awt.nopixfmt=true -Xshare:off -Xrs -Dsun.awt.disableMixing=true -Djava.library.path=C:\Program Files (x86)\MATLAB\R2012b\bin\win32;C:\Program Files (x86)\MATLAB\R2012b\sys\jxbrowser\win32\lib vfprintf abort 
java_command: <unknown>
Launcher Type: generic

Environment Variables:
PATH=C:\Python27\Lib\site-packages\PyQt4;C:\Program Files\Common Files\Pleora;C:\Program Files (x86)\Common Files\Pleora;C:\Program Files\Ocean Optics\OmniDriverSPAM\OOI_HOME;C:\Program Files\Ocean Optics\OmniDriver\OOI_HOME;C:\Program Files (x86)\Windows Resource Kits\Tools\;C:\Program Files\;C:\Windows\;C:\Windows\System32\;C:\Program Files (x86)\IVI Foundation\IVI\bin;C:\Program Files\IVI Foundation\IVI\bin;C:\Program Files\IVI Foundation\VISA\Win64\Bin\;C:\Program Files (x86)\IVI Foundation\VISA\WinNT\Bin\;C:\Program Files (x86)\IVI Foundation\VISA\WinNT\Bin;C:\Program Files (x86)\MATLAB\R2012b\runtime\win32;C:\Program Files (x86)\MATLAB\R2012b\bin;C:\Program Files\MATLAB\R2012a\runtime\win64;C:\Program Files\MATLAB\R2012a\bin;C:\Program Files\Microsoft Windows Performance Toolkit\;C:\Program Files (x86)\Ocean Optics\Overture\OOI_HOME;C:\Program Files (x86)\Universal Extractor;C:\Program Files (x86)\Universal Extractor\bin;C:\Program Files (x86)\IVI Foundation\VISA\WinNT\TekVISA\BIN;C:\Program Files (x86)\Common Files\Acronis\SnapAPI\;C:\Program Files\Microsoft SQL Server\110\Tools\Binn\;C:\Python27;C:\Python27\DLLs;C:\Python27\Scripts;C:\Python27\Lib\site-packages\vtk;C:\Python27\gnuplot\binary;C:\Program Files (x86)\pythonxy\SciTE-3.3.2-3;C:\Program Files (x86)\pythonxy\console;C:\MinGW32-xy\bin;C:\Program Files\GenICam_v2_3\bin\Win32_i86;C:\Program Files (x86)\Microsoft SQL Server\100\Tools\Binn\;C:\Program Files\Microsoft SQL Server\100\Tools\Binn\;C:\Program Files\Microsoft SQL Server\100\DTS\Binn\;C:\Program Files;C:\Windows;C:\Windows\System32
USERNAME=irgang
OS=Windows_NT
PROCESSOR_IDENTIFIER=Intel64 Family 6 Model 26 Stepping 5, GenuineIntel



---------------  S Y S T E M  ---------------

OS: Windows 7 Build 7601 Service Pack 1

CPU:total 8 (8 cores per cpu, 2 threads per core) family 6 model 26 stepping 5, cmov, cx8, fxsr, mmx, sse, sse2, sse3, ssse3, sse4.1, sse4.2, ht

Memory: 4k page, physical 4194303k(3286524k free), swap 4194303k(4194303k free)

vm_info: Java HotSpot(TM) Client VM (14.3-b01) for windows-x86 JRE (1.6.0_17-b04), built on Oct 11 2009 00:52:06 by "java_re" with MS VC++ 7.1

time: Tue Feb 11 18:56:20 2014
elapsed time: 49 seconds

